

{"level":"error","message":"Error de container (getById): CastError: Cast to ObjectId failed for value \":id\" (type string) at path \"_id\" for model \"carritos\""}
{"level":"error","message":"Error de container (getById): CastError: Cast to ObjectId failed for value \":id\" (type string) at path \"_id\" for model \"carritos\""}
{"level":"error","message":"Error de container (getById): CastError: Cast to ObjectId failed for value \":id\" (type string) at path \"_id\" for model \"carritos\""}
{"level":"error","message":"Error de container (getById): CastError: Cast to ObjectId failed for value \"{}\" (type Object) at path \"_id\" for model \"productos\""}
{"level":"error","message":"Error de container (getById): CastError: Cast to ObjectId failed for value \":id\" (type string) at path \"_id\" for model \"carritos\""}
{"level":"error","message":"Error de container (getById): CastError: Cast to ObjectId failed for value \":id\" (type string) at path \"_id\" for model \"carritos\""}
{"level":"error","message":"Error de container (addProductById): TypeError: products.map is not a function"}
{"level":"error","message":"Error de container (addProductById): TypeError: products.map is not a function"}
{"level":"error","message":"Error de container (getById): CastError: Cast to ObjectId failed for value \"{ id: [ '621a6836345992f45a63cdd8' ] }\" (type Object) at path \"_id\" for model \"productos\""}
{"level":"error","message":"Error de container (addProductById): TypeError: Cannot read properties of undefined (reading 'map')"}
{"level":"error","message":"Error de container (getById): CastError: Cast to ObjectId failed for value \"{}\" (type Object) at path \"_id\" for model \"productos\""}
{"level":"error","message":"Error de container (addProductById): TypeError: Cannot read properties of undefined (reading 'map')"}
{"level":"error","message":"Error de container (getById): CastError: Cast to ObjectId failed for value \"{ prodId: '61e623021def815390d7908f' }\" (type Object) at path \"_id\" for model \"productos\""}
{"level":"error","message":"Error de container (getById): CastError: Cast to ObjectId failed for value \":id\" (type string) at path \"_id\" for model \"carritos\""}
{"level":"error","message":"Error de container (getById): CastError: Cast to ObjectId failed for value \":id\" (type string) at path \"_id\" for model \"carritos\""}
{"level":"error","message":"Error de container (getById): CastError: Cast to ObjectId failed for value \":id\" (type string) at path \"_id\" for model \"carritos\""}
{"level":"error","message":"Error de container (addProductById): TypeError: newElements.map is not a function"}
{"level":"error","message":"Error de container (addProductById): TypeError: products is not iterable"}
{"level":"error","message":"Error de container (addProductById): TypeError: products is not iterable"}
{"level":"error","message":"Error de container (addProductById): TypeError: productsArray is not iterable"}
{"level":"error","message":"Error de container (addProductById): TypeError: productsArray is not iterable"}
{"level":"error","message":"Error de container (getById): CastError: Cast to ObjectId failed for value \"{}\" (type Object) at path \"_id\" for model \"productos\""}
{"level":"error","message":"Error de container (getById): CastError: Cast to ObjectId failed for value \":id\" (type string) at path \"_id\" for model \"carritos\""}
{"level":"error","message":"Error de container (getById): CastError: Cast to ObjectId failed for value \":id\" (type string) at path \"_id\" for model \"carritos\""}
{"level":"error","message":"Error de container (save): ValidationError: type: Path `type` is required., email: Path `email` is required."}
{"level":"error","message":"Error de container (save): ValidationError: type: Path `type` is required., email: Path `email` is required."}
{"level":"error","message":"Error de container (save): ValidationError: stock: Path `stock` is required."}
{"level":"error","message":"Error de container (addProductById): ReferenceError: i is not defined"}
